<?xml version="1.0" encoding="UTF-8"?>
<testsuites>
  <testsuite name="Ghaffaru\GhCities\Tests\RegionTest" file="/home/oteng/Projects/PHP/ghcities-php/tests/RegionTest.php" tests="2" assertions="17" errors="0" warnings="0" failures="0" skipped="0" time="0.007884">
    <testcase name="it_can_return_all_regions" class="Ghaffaru\GhCities\Tests\RegionTest" classname="Ghaffaru.GhCities.Tests.RegionTest" file="/home/oteng/Projects/PHP/ghcities-php/tests/RegionTest.php" line="11" assertions="1" time="0.002779"/>
    <testcase name="it_can_return_a_regions_cities" class="Ghaffaru\GhCities\Tests\RegionTest" classname="Ghaffaru.GhCities.Tests.RegionTest" file="/home/oteng/Projects/PHP/ghcities-php/tests/RegionTest.php" line="19" assertions="16" time="0.005105"/>
  </testsuite>
</testsuites>
